<?xml version="1.0" encoding="UTF-8"?>
<!-- Generated by org.testng.reporters.JUnitReportReporter -->
<testsuite skipped="0" hostname="Abhi-PC" name="eshopping.eshopping.Shopping" tests="1" failures="0" timestamp="02 Jun 2020 13:52:57 GMT" time="111.191" errors="0">
  <testcase name="Register" time="111.191" classname="eshopping.eshopping.Shopping"/>
</testsuite> <!-- eshopping.eshopping.Shopping -->
