<?xml version="1.0" encoding="UTF-8"?>
<!-- Generated by org.testng.reporters.JUnitReportReporter -->
<testsuite skipped="0" hostname="Abhi-PC" name="eshopping.eshopping.Shopping" tests="3" failures="0" timestamp="04 Jun 2020 11:53:38 GMT" time="252.832" errors="0">
  <testcase name="Register" time="81.628" classname="eshopping.eshopping.Shopping"/>
  <testcase name="Register" time="84.200" classname="eshopping.eshopping.Shopping"/>
  <testcase name="Register" time="87.004" classname="eshopping.eshopping.Shopping"/>
</testsuite> <!-- eshopping.eshopping.Shopping -->
