<?xml version="1.0" encoding="UTF-8"?>
<!-- Generated by org.testng.reporters.JUnitReportReporter -->
<testsuite skipped="0" hostname="Abhi-PC" name="eshopping.eshopping.WomenSHoppingSIte" tests="3" failures="0" timestamp="04 Jun 2020 11:42:39 GMT" time="253.007" errors="0">
  <testcase name="Register" time="86.754" classname="eshopping.eshopping.WomenSHoppingSIte"/>
  <testcase name="Register" time="82.467" classname="eshopping.eshopping.WomenSHoppingSIte"/>
  <testcase name="Register" time="83.786" classname="eshopping.eshopping.WomenSHoppingSIte"/>
</testsuite> <!-- eshopping.eshopping.WomenSHoppingSIte -->
